/usr/bin/ld: /tmp/cc7pheRz.o: in function `imagemAFD':
/home/abs/monitor/rascunhos/automatos/FuncoesSeparadas/auto1.c:715: undefined reference to `install_allegro'
/usr/bin/ld: /home/abs/monitor/rascunhos/automatos/FuncoesSeparadas/auto1.c:718: undefined reference to `set_color_depth'
/usr/bin/ld: /home/abs/monitor/rascunhos/automatos/FuncoesSeparadas/auto1.c:719: undefined reference to `get_palette'
/usr/bin/ld: /home/abs/monitor/rascunhos/automatos/FuncoesSeparadas/auto1.c:722: undefined reference to `create_bitmap'
/usr/bin/ld: /home/abs/monitor/rascunhos/automatos/FuncoesSeparadas/auto1.c:730: undefined reference to `makecol'
/usr/bin/ld: /home/abs/monitor/rascunhos/automatos/FuncoesSeparadas/auto1.c:730: undefined reference to `circle'
/usr/bin/ld: /home/abs/monitor/rascunhos/automatos/FuncoesSeparadas/auto1.c:731: undefined reference to `makecol'
/usr/bin/ld: /home/abs/monitor/rascunhos/automatos/FuncoesSeparadas/auto1.c:731: undefined reference to `circle'
/usr/bin/ld: /home/abs/monitor/rascunhos/automatos/FuncoesSeparadas/auto1.c:732: undefined reference to `makecol'
/usr/bin/ld: /home/abs/monitor/rascunhos/automatos/FuncoesSeparadas/auto1.c:732: undefined reference to `circle'
/usr/bin/ld: /home/abs/monitor/rascunhos/automatos/FuncoesSeparadas/auto1.c:733: undefined reference to `makecol'
/usr/bin/ld: /home/abs/monitor/rascunhos/automatos/FuncoesSeparadas/auto1.c:733: undefined reference to `font'
/usr/bin/ld: /home/abs/monitor/rascunhos/automatos/FuncoesSeparadas/auto1.c:733: undefined reference to `textprintf_ex'
/usr/bin/ld: /home/abs/monitor/rascunhos/automatos/FuncoesSeparadas/auto1.c:734: undefined reference to `makecol'
/usr/bin/ld: /home/abs/monitor/rascunhos/automatos/FuncoesSeparadas/auto1.c:734: undefined reference to `font'
/usr/bin/ld: /home/abs/monitor/rascunhos/automatos/FuncoesSeparadas/auto1.c:734: undefined reference to `textprintf_ex'
/usr/bin/ld: /home/abs/monitor/rascunhos/automatos/FuncoesSeparadas/auto1.c:735: undefined reference to `makecol'
/usr/bin/ld: /home/abs/monitor/rascunhos/automatos/FuncoesSeparadas/auto1.c:735: undefined reference to `font'
/usr/bin/ld: /home/abs/monitor/rascunhos/automatos/FuncoesSeparadas/auto1.c:735: undefined reference to `textprintf_ex'
/usr/bin/ld: /home/abs/monitor/rascunhos/automatos/FuncoesSeparadas/auto1.c:737: undefined reference to `makecol'
/usr/bin/ld: /home/abs/monitor/rascunhos/automatos/FuncoesSeparadas/auto1.c:737: undefined reference to `font'
/usr/bin/ld: /home/abs/monitor/rascunhos/automatos/FuncoesSeparadas/auto1.c:737: undefined reference to `textprintf_ex'
/usr/bin/ld: /home/abs/monitor/rascunhos/automatos/FuncoesSeparadas/auto1.c:738: undefined reference to `makecol'
/usr/bin/ld: /home/abs/monitor/rascunhos/automatos/FuncoesSeparadas/auto1.c:738: undefined reference to `font'
/usr/bin/ld: /home/abs/monitor/rascunhos/automatos/FuncoesSeparadas/auto1.c:738: undefined reference to `textprintf_ex'
/usr/bin/ld: /home/abs/monitor/rascunhos/automatos/FuncoesSeparadas/auto1.c:739: undefined reference to `makecol'
/usr/bin/ld: /home/abs/monitor/rascunhos/automatos/FuncoesSeparadas/auto1.c:739: undefined reference to `font'
/usr/bin/ld: /home/abs/monitor/rascunhos/automatos/FuncoesSeparadas/auto1.c:739: undefined reference to `textprintf_ex'
/usr/bin/ld: /home/abs/monitor/rascunhos/automatos/FuncoesSeparadas/auto1.c:740: undefined reference to `makecol'
/usr/bin/ld: /home/abs/monitor/rascunhos/automatos/FuncoesSeparadas/auto1.c:740: undefined reference to `font'
/usr/bin/ld: /home/abs/monitor/rascunhos/automatos/FuncoesSeparadas/auto1.c:740: undefined reference to `textprintf_ex'
/usr/bin/ld: /home/abs/monitor/rascunhos/automatos/FuncoesSeparadas/auto1.c:741: undefined reference to `makecol'
/usr/bin/ld: /home/abs/monitor/rascunhos/automatos/FuncoesSeparadas/auto1.c:741: undefined reference to `font'
/usr/bin/ld: /home/abs/monitor/rascunhos/automatos/FuncoesSeparadas/auto1.c:741: undefined reference to `textprintf_ex'
/usr/bin/ld: /home/abs/monitor/rascunhos/automatos/FuncoesSeparadas/auto1.c:744: undefined reference to `makecol'
/usr/bin/ld: /home/abs/monitor/rascunhos/automatos/FuncoesSeparadas/auto1.c:744: undefined reference to `font'
/usr/bin/ld: /home/abs/monitor/rascunhos/automatos/FuncoesSeparadas/auto1.c:744: undefined reference to `textprintf_ex'
/usr/bin/ld: /home/abs/monitor/rascunhos/automatos/FuncoesSeparadas/auto1.c:745: undefined reference to `makecol'
/usr/bin/ld: /home/abs/monitor/rascunhos/automatos/FuncoesSeparadas/auto1.c:745: undefined reference to `font'
/usr/bin/ld: /home/abs/monitor/rascunhos/automatos/FuncoesSeparadas/auto1.c:745: undefined reference to `textprintf_ex'
/usr/bin/ld: /home/abs/monitor/rascunhos/automatos/FuncoesSeparadas/auto1.c:746: undefined reference to `makecol'
/usr/bin/ld: /home/abs/monitor/rascunhos/automatos/FuncoesSeparadas/auto1.c:746: undefined reference to `font'
/usr/bin/ld: /home/abs/monitor/rascunhos/automatos/FuncoesSeparadas/auto1.c:746: undefined reference to `textprintf_ex'
/usr/bin/ld: /home/abs/monitor/rascunhos/automatos/FuncoesSeparadas/auto1.c:751: undefined reference to `destroy_bitmap'
/usr/bin/ld: /home/abs/monitor/rascunhos/automatos/FuncoesSeparadas/auto1.c:753: undefined reference to `allegro_exit'
/usr/bin/ld: /tmp/cc7pheRz.o: in function `imagemAFND':
/home/abs/monitor/rascunhos/automatos/FuncoesSeparadas/auto1.c:766: undefined reference to `install_allegro'
/usr/bin/ld: /home/abs/monitor/rascunhos/automatos/FuncoesSeparadas/auto1.c:769: undefined reference to `set_color_depth'
/usr/bin/ld: /home/abs/monitor/rascunhos/automatos/FuncoesSeparadas/auto1.c:770: undefined reference to `get_palette'
/usr/bin/ld: /home/abs/monitor/rascunhos/automatos/FuncoesSeparadas/auto1.c:773: undefined reference to `create_bitmap'
/usr/bin/ld: /home/abs/monitor/rascunhos/automatos/FuncoesSeparadas/auto1.c:781: undefined reference to `makecol'
/usr/bin/ld: /home/abs/monitor/rascunhos/automatos/FuncoesSeparadas/auto1.c:781: undefined reference to `circle'
/usr/bin/ld: /home/abs/monitor/rascunhos/automatos/FuncoesSeparadas/auto1.c:782: undefined reference to `makecol'
/usr/bin/ld: /home/abs/monitor/rascunhos/automatos/FuncoesSeparadas/auto1.c:782: undefined reference to `circle'
/usr/bin/ld: /home/abs/monitor/rascunhos/automatos/FuncoesSeparadas/auto1.c:783: undefined reference to `makecol'
/usr/bin/ld: /home/abs/monitor/rascunhos/automatos/FuncoesSeparadas/auto1.c:783: undefined reference to `circle'
/usr/bin/ld: /home/abs/monitor/rascunhos/automatos/FuncoesSeparadas/auto1.c:784: undefined reference to `makecol'
/usr/bin/ld: /home/abs/monitor/rascunhos/automatos/FuncoesSeparadas/auto1.c:784: undefined reference to `font'
/usr/bin/ld: /home/abs/monitor/rascunhos/automatos/FuncoesSeparadas/auto1.c:784: undefined reference to `textprintf_ex'
/usr/bin/ld: /home/abs/monitor/rascunhos/automatos/FuncoesSeparadas/auto1.c:785: undefined reference to `makecol'
/usr/bin/ld: /home/abs/monitor/rascunhos/automatos/FuncoesSeparadas/auto1.c:785: undefined reference to `font'
/usr/bin/ld: /home/abs/monitor/rascunhos/automatos/FuncoesSeparadas/auto1.c:785: undefined reference to `textprintf_ex'
/usr/bin/ld: /home/abs/monitor/rascunhos/automatos/FuncoesSeparadas/auto1.c:786: undefined reference to `makecol'
/usr/bin/ld: /home/abs/monitor/rascunhos/automatos/FuncoesSeparadas/auto1.c:786: undefined reference to `font'
/usr/bin/ld: /home/abs/monitor/rascunhos/automatos/FuncoesSeparadas/auto1.c:786: undefined reference to `textprintf_ex'
/usr/bin/ld: /home/abs/monitor/rascunhos/automatos/FuncoesSeparadas/auto1.c:788: undefined reference to `makecol'
/usr/bin/ld: /home/abs/monitor/rascunhos/automatos/FuncoesSeparadas/auto1.c:788: undefined reference to `font'
/usr/bin/ld: /home/abs/monitor/rascunhos/automatos/FuncoesSeparadas/auto1.c:788: undefined reference to `textprintf_ex'
/usr/bin/ld: /home/abs/monitor/rascunhos/automatos/FuncoesSeparadas/auto1.c:789: undefined reference to `makecol'
/usr/bin/ld: /home/abs/monitor/rascunhos/automatos/FuncoesSeparadas/auto1.c:789: undefined reference to `font'
/usr/bin/ld: /home/abs/monitor/rascunhos/automatos/FuncoesSeparadas/auto1.c:789: undefined reference to `textprintf_ex'
/usr/bin/ld: /home/abs/monitor/rascunhos/automatos/FuncoesSeparadas/auto1.c:790: undefined reference to `makecol'
/usr/bin/ld: /home/abs/monitor/rascunhos/automatos/FuncoesSeparadas/auto1.c:790: undefined reference to `font'
/usr/bin/ld: /home/abs/monitor/rascunhos/automatos/FuncoesSeparadas/auto1.c:790: undefined reference to `textprintf_ex'
/usr/bin/ld: /home/abs/monitor/rascunhos/automatos/FuncoesSeparadas/auto1.c:791: undefined reference to `makecol'
/usr/bin/ld: /home/abs/monitor/rascunhos/automatos/FuncoesSeparadas/auto1.c:791: undefined reference to `font'
/usr/bin/ld: /home/abs/monitor/rascunhos/automatos/FuncoesSeparadas/auto1.c:791: undefined reference to `textprintf_ex'
/usr/bin/ld: /home/abs/monitor/rascunhos/automatos/FuncoesSeparadas/auto1.c:792: undefined reference to `makecol'
/usr/bin/ld: /home/abs/monitor/rascunhos/automatos/FuncoesSeparadas/auto1.c:792: undefined reference to `font'
/usr/bin/ld: /home/abs/monitor/rascunhos/automatos/FuncoesSeparadas/auto1.c:792: undefined reference to `textprintf_ex'
/usr/bin/ld: /home/abs/monitor/rascunhos/automatos/FuncoesSeparadas/auto1.c:794: undefined reference to `makecol'
/usr/bin/ld: /home/abs/monitor/rascunhos/automatos/FuncoesSeparadas/auto1.c:794: undefined reference to `font'
/usr/bin/ld: /home/abs/monitor/rascunhos/automatos/FuncoesSeparadas/auto1.c:794: undefined reference to `textprintf_ex'
/usr/bin/ld: /home/abs/monitor/rascunhos/automatos/FuncoesSeparadas/auto1.c:795: undefined reference to `makecol'
/usr/bin/ld: /home/abs/monitor/rascunhos/automatos/FuncoesSeparadas/auto1.c:795: undefined reference to `font'
/usr/bin/ld: /home/abs/monitor/rascunhos/automatos/FuncoesSeparadas/auto1.c:795: undefined reference to `textprintf_ex'
/usr/bin/ld: /home/abs/monitor/rascunhos/automatos/FuncoesSeparadas/auto1.c:796: undefined reference to `makecol'
/usr/bin/ld: /home/abs/monitor/rascunhos/automatos/FuncoesSeparadas/auto1.c:796: undefined reference to `font'
/usr/bin/ld: /home/abs/monitor/rascunhos/automatos/FuncoesSeparadas/auto1.c:796: undefined reference to `textprintf_ex'
/usr/bin/ld: /home/abs/monitor/rascunhos/automatos/FuncoesSeparadas/auto1.c:800: undefined reference to `destroy_bitmap'
/usr/bin/ld: /home/abs/monitor/rascunhos/automatos/FuncoesSeparadas/auto1.c:802: undefined reference to `allegro_exit'
collect2: error: ld returned 1 exit status
